<?xml version="1.0" encoding="UTF-8"?>
<!-- Generated by org.testng.reporters.JUnitXMLReporter -->
<testsuite hostname="LAPTOP-09H8NLLL" ignored="0" name="Multi and div actions test" tests="8" failures="0" timestamp="2020-12-07T01:12:21 MSK" time="0.0" errors="0">
  <testcase name="dataProviderMultiTest" time="0.0" classname="hw1.MultiTest"/>
  <testcase name="dataProviderMultiTest" time="0.0" classname="hw1.MultiTest"/>
  <testcase name="dataProviderMultiTest" time="0.0" classname="hw1.MultiTest"/>
  <testcase name="dataProviderMultiTest" time="0.0" classname="hw1.MultiTest"/>
  <testcase name="dataProviderMultiTest" time="0.0" classname="hw1.MultiTest"/>
  <testcase name="dataProviderDivTest" time="0.0" classname="hw1.DivTest"/>
  <testcase name="dataProviderDivTest" time="0.0" classname="hw1.DivTest"/>
  <testcase name="dataProviderDivTest" time="0.0" classname="hw1.DivTest"/>
</testsuite> <!-- Multi and div actions test -->
