<?xml version="1.0" encoding="UTF-8"?>
<!-- Generated by org.testng.reporters.JUnitXMLReporter -->
<testsuite hostname="LAPTOP-09H8NLLL" ignored="0" name="Sum and sub actions test" tests="10" failures="0" timestamp="2020-12-07T01:12:21 MSK" time="0.016" errors="0">
  <testcase name="dataProviderSumTest" time="0.0" classname="hw1.SumTest"/>
  <testcase name="dataProviderSumTest" time="0.0" classname="hw1.SumTest"/>
  <testcase name="dataProviderSumTest" time="0.0" classname="hw1.SumTest"/>
  <testcase name="dataProviderSumTest" time="0.0" classname="hw1.SumTest"/>
  <testcase name="dataProviderSumTest" time="0.0" classname="hw1.SumTest"/>
  <testcase name="dataProviderSubTest" time="0.0" classname="hw1.SubTest"/>
  <testcase name="dataProviderSubTest" time="0.0" classname="hw1.SubTest"/>
  <testcase name="dataProviderSubTest" time="0.0" classname="hw1.SubTest"/>
  <testcase name="dataProviderSubTest" time="0.0" classname="hw1.SubTest"/>
  <testcase name="dataProviderSubTest" time="0.0" classname="hw1.SubTest"/>
</testsuite> <!-- Sum and sub actions test -->
